<?xml version="1.0" encoding="UTF-8"?>
<testsuite xmlns:xsi="http://www.w3.org/2001/XMLSchema-instance" xsi:noNamespaceSchemaLocation="https://maven.apache.org/surefire/maven-surefire-plugin/xsd/surefire-test-report.xsd" name="ManagerTest" time="0.093" tests="4" errors="0" skipped="0" failures="0">
  <properties>
[...]
</properties>
  <testcase name="searchWhenFindedSamePriceTickets" classname="ManagerTest" time="0.04"/>
  <testcase name="searchWhenFindedOneTicket" classname="ManagerTest" time="0"/>
  <testcase name="searchWhenNotFindedTickets" classname="ManagerTest" time="0"/>
  <testcase name="searchWhenFindedSeveralTickets" classname="ManagerTest" time="0"/>
</testsuite>